<?xml version="1.0" encoding="UTF-8"?>
<!-- Generated by org.testng.reporters.JUnitReportReporter -->
<testsuite hostname="DESKTOP-RG6HM4D" failures="0" tests="11" name="org.example.AppTest" time="79.603" errors="0" timestamp="2023-04-30T10:15:12 IST" skipped="0">
  <testcase classname="org.example.AppTest" name="LoginVerification" time="19.908"/>
  <system-out/>
  <testcase classname="org.example.AppTest" name="InfoButton" time="8.265"/>
  <system-out/>
  <testcase classname="org.example.AppTest" name="ExploreButton" time="5.276"/>
  <system-out/>
  <testcase classname="org.example.AppTest" name="SearchButton" time="16.744"/>
  <system-out/>
  <testcase classname="org.example.AppTest" name="MessageButton" time="12.372"/>
  <system-out/>
  <testcase classname="org.example.AppTest" name="postButton" time="5.485"/>
  <system-out/>
  <testcase classname="org.example.AppTest" name="likComm" time="2.252"/>
  <system-out/>
  <testcase classname="org.example.AppTest" name="Comment" time="7.429"/>
  <system-out/>
  <testcase classname="org.example.AppTest" name="closeButton" time="0.170"/>
  <system-out/>
  <testcase classname="org.example.AppTest" name="more" time="1.344"/>
  <system-out/>
  <testcase classname="org.example.AppTest" name="close" time="0.358"/>
  <system-out/>
</testsuite> <!-- org.example.AppTest -->
